android/app/build/outputs/logs/manifest-merger-debug-report.txt
-- Merging decision tree log ---
permission#com.foxwatch.permission.C2D_MESSAGE
INJECTED from src/main/AndroidManifest.xml:15:5-17:47
	android:protectionLevel
		ADDED from src/main/AndroidManifest.xml:17:9-44
	android:name
		INJECTED from src/main/AndroidManifest.xml
		ADDED from src/main/AndroidManifest.xml:16:9-63
uses-permission#com.foxwatch.permission.C2D_MESSAGE
INJECTED from src/main/AndroidManifest.xml:18:5-79
	android:name
		INJECTED from src/main/AndroidManifest.xml
		ADDED from src/main/AndroidManifest.xml:18:22-76
category#com.foxwatch
INJECTED from src/main/AndroidManifest.xml:53:17-61
	android:name
		INJECTED from src/main/AndroidManifest.xml
		ADDED from src/main/AndroidManifest.xml:53:27-58
manifest
ADDED from src/main/AndroidManifest.xml:1:1-72:12
INJECTED from src/main/AndroidManifest.xml:1:1-72:12
INJECTED from src/main/AndroidManifest.xml:1:1-72:12
INJECTED from src/main/AndroidManifest.xml:1:1-72:12
MERGED from [:react-native-camera] AndroidManifest.xml:2:1-20:12
MERGED from [com.google.android.gms:play-services-vision:10.2.0] AndroidManifest.xml:2:1-5:12
MERGED from [com.android.support:exifinterface:26.0.1] AndroidManifest.xml:17:1-28:12
MERGED from [:react-native-video] AndroidManifest.xml:2:1-11:12
MERGED from [:react-native-push-notification] AndroidManifest.xml:2:1-11:12
MERGED from [:react-native-device-info] AndroidManifest.xml:2:1-11:12
MERGED from [:react-native-spinkit] AndroidManifest.xml:2:1-16:12
MERGED from [:react-native-vector-icons] AndroidManifest.xml:2:1-11:12
MERGED from [:react-native-background-geolocation] AndroidManifest.xml:2:1-16:12
MERGED from [:react-native-maps] AndroidManifest.xml:2:1-12:12
MERGED from [:react-native-navigation] AndroidManifest.xml:2:1-20:12
MERGED from [com.facebook.react:react-native:0.52.2] AndroidManifest.xml:2:1-15:12
MERGED from [com.balysv.materialmenu:material-menu-toolbar:1.5.4] AndroidManifest.xml:2:1-14:12
MERGED from [com.aurelhubert:ahbottomnavigation:2.0.6] AndroidManifest.xml:2:1-13:12
MERGED from [com.android.support:design:25.3.1] AndroidManifest.xml:17:1-31:12
MERGED from [com.android.support:appcompat-v7:25.3.1] AndroidManifest.xml:17:1-31:12
MERGED from [:tslocationmanager:] AndroidManifest.xml:2:1-52:12
MERGED from [com.github.react-native-community:cameraview:d5d9b0d925494ef451ce3eef3fdf14cc874d9baa] AndroidManifest.xml:14:1-30:12
MERGED from [com.google.android.gms:play-services-gcm:11.8.0] AndroidManifest.xml:17:1-28:12
MERGED from [com.google.android.gms:play-services-location:11.6.0] AndroidManifest.xml:2:1-5:12
MERGED from [com.google.android.gms:play-services-maps:10.2.4] AndroidManifest.xml:16:1-25:12
MERGED from [com.google.android.gms:play-services-iid:11.8.0] AndroidManifest.xml:17:1-28:12
MERGED from [com.google.android.gms:play-services-base:11.8.0] AndroidManifest.xml:17:1-29:12
MERGED from [com.google.android.gms:play-services-tasks:11.8.0] AndroidManifest.xml:2:1-9:12
MERGED from [com.google.android.gms:play-services-basement:11.8.0] AndroidManifest.xml:17:1-28:12
MERGED from [com.android.support:animated-vector-drawable:25.3.1] AndroidManifest.xml:17:1-28:12
MERGED from [com.android.support:support-vector-drawable:25.3.1] AndroidManifest.xml:17:1-28:12
MERGED from [com.android.support:transition:25.3.1] AndroidManifest.xml:17:1-28:12
MERGED from [com.android.support:support-v4:25.3.1] AndroidManifest.xml:17:1-31:12
MERGED from [com.android.support:support-fragment:25.3.1] AndroidManifest.xml:17:1-31:12
MERGED from [com.android.support:support-media-compat:25.3.1] AndroidManifest.xml:17:1-31:12
MERGED from [com.android.support:support-core-utils:25.3.1] AndroidManifest.xml:17:1-31:12
MERGED from [com.android.support:recyclerview-v7:25.3.1] AndroidManifest.xml:17:1-26:12
MERGED from [com.android.support:support-core-ui:25.3.1] AndroidManifest.xml:17:1-31:12
MERGED from [com.android.support:support-compat:25.3.1] AndroidManifest.xml:17:1-31:12
MERGED from [com.yqritc:android-scalablevideoview:1.0.4] AndroidManifest.xml:2:1-12:12
MERGED from [me.leolin:ShortcutBadger:1.1.8] AndroidManifest.xml:2:1-41:12
MERGED from [com.github.ybq:Android-SpinKit:1.1.0] AndroidManifest.xml:2:1-10:12
MERGED from [com.facebook.fresco:imagepipeline-okhttp3:1.3.0] AndroidManifest.xml:2:1-9:12
MERGED from [com.facebook.fbui.textlayoutbuilder:textlayoutbuilder:1.0.0] AndroidManifest.xml:10:1-18:12
MERGED from [com.facebook.fresco:fresco:1.3.0] AndroidManifest.xml:2:1-9:12
MERGED from [com.facebook.soloader:soloader:0.1.0] AndroidManifest.xml:1:1-4:12
MERGED from [org.webkit:android-jsc:r174650] AndroidManifest.xml:1:1-3:12
MERGED from [com.google.android.gms:play-services-gcm-license:11.8.0] AndroidManifest.xml:2:1-6:12
MERGED from [com.google.android.gms:play-services-location-license:11.6.0] AndroidManifest.xml:2:1-6:12
MERGED from [com.facebook.fresco:drawee:1.3.0] AndroidManifest.xml:2:1-9:12
MERGED from [com.facebook.fresco:imagepipeline:1.3.0] AndroidManifest.xml:2:1-9:12
MERGED from [com.facebook.fresco:imagepipeline-base:1.3.0] AndroidManifest.xml:2:1-9:12
MERGED from [com.facebook.fresco:fbcore:1.3.0] AndroidManifest.xml:2:1-9:12
MERGED from [com.balysv.materialmenu:material-menu:1.5.4] AndroidManifest.xml:2:1-14:12
MERGED from [com.google.android.gms:play-services-iid-license:11.8.0] AndroidManifest.xml:2:1-6:12
MERGED from [com.google.android.gms:play-services-tasks-license:11.8.0] AndroidManifest.xml:2:1-6:12
MERGED from [com.google.android.gms:play-services-base-license:11.8.0] AndroidManifest.xml:2:1-6:12
MERGED from [com.google.android.gms:play-services-basement-license:11.8.0] AndroidManifest.xml:2:1-6:12
INJECTED from src/main/AndroidManifest.xml:1:1-72:12
INJECTED from src/main/AndroidManifest.xml:1:1-72:12
INJECTED from src/main/AndroidManifest.xml:1:1-72:12
	package
		ADDED from src/main/AndroidManifest.xml:3:5-27
		INJECTED from src/main/AndroidManifest.xml
		INJECTED from src/main/AndroidManifest.xml
	android:versionName
		ADDED from src/main/AndroidManifest.xml:5:5-30
		INJECTED from src/main/AndroidManifest.xml
		INJECTED from src/main/AndroidManifest.xml
	xmlns:tools
		ADDED from src/main/AndroidManifest.xml:2:1-47
	xmlns:android
		ADDED from src/main/AndroidManifest.xml:1:11-69
	android:versionCode
		ADDED from src/main/AndroidManifest.xml:4:5-28
		INJECTED from src/main/AndroidManifest.xml
		INJECTED from src/main/AndroidManifest.xml
uses-permission#android.permission.CAMERA
ADDED from src/main/AndroidManifest.xml:7:5-65
MERGED from [:react-native-camera] AndroidManifest.xml:11:5-65
MERGED from [:react-native-camera] AndroidManifest.xml:11:5-65
MERGED from [com.github.react-native-community:cameraview:d5d9b0d925494ef451ce3eef3fdf14cc874d9baa] AndroidManifest.xml:21:5-65
MERGED from [com.github.react-native-community:cameraview:d5d9b0d925494ef451ce3eef3fdf14cc874d9baa] AndroidManifest.xml:21:5-65
	android:name
		ADDED from src/main/AndroidManifest.xml:7:22-62
uses-permission#android.permission.INTERNET
ADDED from src/main/AndroidManifest.xml:8:5-67
MERGED from [:react-native-maps] AndroidManifest.xml:9:5-67
MERGED from [:react-native-maps] AndroidManifest.xml:9:5-67
MERGED from [:tslocationmanager:] AndroidManifest.xml:15:5-67
MERGED from [:tslocationmanager:] AndroidManifest.xml:15:5-67
MERGED from [com.google.android.gms:play-services-gcm:11.8.0] AndroidManifest.xml:24:5-67
MERGED from [com.google.android.gms:play-services-gcm:11.8.0] AndroidManifest.xml:24:5-67
MERGED from [com.google.android.gms:play-services-maps:10.2.4] AndroidManifest.xml:20:5-66
MERGED from [com.google.android.gms:play-services-maps:10.2.4] AndroidManifest.xml:20:5-66
MERGED from [com.google.android.gms:play-services-iid:11.8.0] AndroidManifest.xml:24:5-67
MERGED from [com.google.android.gms:play-services-iid:11.8.0] AndroidManifest.xml:24:5-67
	android:name
		ADDED from src/main/AndroidManifest.xml:8:22-64
uses-permission#android.permission.SYSTEM_ALERT_WINDOW
ADDED from src/main/AndroidManifest.xml:9:5-77
MERGED from [com.facebook.react:react-native:0.52.2] AndroidManifest.xml:11:5-78
MERGED from [com.facebook.react:react-native:0.52.2] AndroidManifest.xml:11:5-78
	android:name
		ADDED from src/main/AndroidManifest.xml:9:22-75
uses-permission#android.permission.RECORD_AUDIO
ADDED from src/main/AndroidManifest.xml:10:5-70
	android:name
		ADDED from src/main/AndroidManifest.xml:10:22-68
uses-permission#android.permission.RECORD_VIDEO
ADDED from src/main/AndroidManifest.xml:11:5-70
	android:name
		ADDED from src/main/AndroidManifest.xml:11:22-68
uses-permission#android.permission.READ_EXTERNAL_STORAGE
ADDED from src/main/AndroidManifest.xml:12:5-80
	android:name
		ADDED from src/main/AndroidManifest.xml:12:22-77
uses-permission#android.permission.WRITE_EXTERNAL_STORAGE
ADDED from src/main/AndroidManifest.xml:13:5-81
	android:name
		ADDED from src/main/AndroidManifest.xml:13:22-78
uses-permission#android.permission.WAKE_LOCK
ADDED from src/main/AndroidManifest.xml:14:5-68
MERGED from [:tslocationmanager:] AndroidManifest.xml:16:5-68
MERGED from [:tslocationmanager:] AndroidManifest.xml:16:5-68
	android:name
		ADDED from src/main/AndroidManifest.xml:14:22-65
uses-permission#android.permission.VIBRATE
ADDED from src/main/AndroidManifest.xml:19:5-66
	android:name
		ADDED from src/main/AndroidManifest.xml:19:22-63
uses-permission#android.permission.RECEIVE_BOOT_COMPLETED
ADDED from src/main/AndroidManifest.xml:20:5-80
MERGED from [:tslocationmanager:] AndroidManifest.xml:18:5-81
MERGED from [:tslocationmanager:] AndroidManifest.xml:18:5-81
	android:name
		ADDED from src/main/AndroidManifest.xml:20:22-78
uses-sdk
ADDED from src/main/AndroidManifest.xml:22:5-24:41
INJECTED from src/main/AndroidManifest.xml:22:5-24:41
INJECTED from src/main/AndroidManifest.xml:22:5-24:41
MERGED from [:react-native-camera] AndroidManifest.xml:7:5-9:41
MERGED from [:react-native-camera] AndroidManifest.xml:7:5-9:41
MERGED from [com.google.android.gms:play-services-vision:10.2.0] AndroidManifest.xml:3:5-43
MERGED from [com.google.android.gms:play-services-vision:10.2.0] AndroidManifest.xml:3:5-43
MERGED from [com.android.support:exifinterface:26.0.1] AndroidManifest.xml:20:5-44
MERGED from [com.android.support:exifinterface:26.0.1] AndroidManifest.xml:20:5-44
MERGED from [:react-native-video] AndroidManifest.xml:7:5-9:41
MERGED from [:react-native-video] AndroidManifest.xml:7:5-9:41
MERGED from [:react-native-push-notification] AndroidManifest.xml:7:5-9:41
MERGED from [:react-native-push-notification] AndroidManifest.xml:7:5-9:41
MERGED from [:react-native-device-info] AndroidManifest.xml:7:5-9:41
MERGED from [:react-native-device-info] AndroidManifest.xml:7:5-9:41
MERGED from [:react-native-spinkit] AndroidManifest.xml:7:5-9:41
MERGED from [:react-native-spinkit] AndroidManifest.xml:7:5-9:41
MERGED from [:react-native-vector-icons] AndroidManifest.xml:7:5-9:41
MERGED from [:react-native-vector-icons] AndroidManifest.xml:7:5-9:41
MERGED from [:react-native-background-geolocation] AndroidManifest.xml:7:5-9:41
MERGED from [:react-native-background-geolocation] AndroidManifest.xml:7:5-9:41
MERGED from [:react-native-maps] AndroidManifest.xml:5:5-7:41
MERGED from [:react-native-maps] AndroidManifest.xml:5:5-7:41
MERGED from [:react-native-navigation] AndroidManifest.xml:7:5-9:41
MERGED from [:react-native-navigation] AndroidManifest.xml:7:5-9:41
MERGED from [com.facebook.react:react-native:0.52.2] AndroidManifest.xml:7:5-9:41
MERGED from [com.facebook.react:react-native:0.52.2] AndroidManifest.xml:7:5-9:41
MERGED from [com.balysv.materialmenu:material-menu-toolbar:1.5.4] AndroidManifest.xml:8:5-10:41
MERGED from [com.balysv.materialmenu:material-menu-toolbar:1.5.4] AndroidManifest.xml:8:5-10:41
MERGED from [com.aurelhubert:ahbottomnavigation:2.0.6] AndroidManifest.xml:7:5-9:41
MERGED from [com.aurelhubert:ahbottomnavigation:2.0.6] AndroidManifest.xml:7:5-9:41
MERGED from [com.android.support:design:25.3.1] AndroidManifest.xml:21:5-23:62
MERGED from [com.android.support:design:25.3.1] AndroidManifest.xml:21:5-23:62
MERGED from [com.android.support:appcompat-v7:25.3.1] AndroidManifest.xml:21:5-23:78
MERGED from [com.android.support:appcompat-v7:25.3.1] AndroidManifest.xml:21:5-23:78
MERGED from [:tslocationmanager:] AndroidManifest.xml:7:5-9:41
MERGED from [:tslocationmanager:] AndroidManifest.xml:7:5-9:41
MERGED from [com.github.react-native-community:cameraview:d5d9b0d925494ef451ce3eef3fdf14cc874d9baa] AndroidManifest.xml:17:5-19:41
MERGED from [com.github.react-native-community:cameraview:d5d9b0d925494ef451ce3eef3fdf14cc874d9baa] AndroidManifest.xml:17:5-19:41
MERGED from [com.google.android.gms:play-services-gcm:11.8.0] AndroidManifest.xml:20:5-44
MERGED from [com.google.android.gms:play-services-gcm:11.8.0] AndroidManifest.xml:20:5-44
MERGED from [com.google.android.gms:play-services-location:11.6.0] AndroidManifest.xml:3:5-43
MERGED from [com.google.android.gms:play-services-location:11.6.0] AndroidManifest.xml:3:5-43
MERGED from [com.google.android.gms:play-services-maps:10.2.4] AndroidManifest.xml:23:5-43
MERGED from [com.google.android.gms:play-services-maps:10.2.4] AndroidManifest.xml:23:5-43
MERGED from [com.google.android.gms:play-services-iid:11.8.0] AndroidManifest.xml:20:5-44
MERGED from [com.google.android.gms:play-services-iid:11.8.0] AndroidManifest.xml:20:5-44
MERGED from [com.google.android.gms:play-services-base:11.8.0] AndroidManifest.xml:20:5-44
MERGED from [com.google.android.gms:play-services-base:11.8.0] AndroidManifest.xml:20:5-44
MERGED from [com.google.android.gms:play-services-tasks:11.8.0] AndroidManifest.xml:5:5-44
MERGED from [com.google.android.gms:play-services-tasks:11.8.0] AndroidManifest.xml:5:5-44
MERGED from [com.google.android.gms:play-services-basement:11.8.0] AndroidManifest.xml:20:5-44
MERGED from [com.google.android.gms:play-services-basement:11.8.0] AndroidManifest.xml:20:5-44
MERGED from [com.android.support:animated-vector-drawable:25.3.1] AndroidManifest.xml:20:5-44
MERGED from [com.android.support:animated-vector-drawable:25.3.1] AndroidManifest.xml:20:5-44
MERGED from [com.android.support:support-vector-drawable:25.3.1] AndroidManifest.xml:20:5-43
MERGED from [com.android.support:support-vector-drawable:25.3.1] AndroidManifest.xml:20:5-43
MERGED from [com.android.support:transition:25.3.1] AndroidManifest.xml:20:5-44
MERGED from [com.android.support:transition:25.3.1] AndroidManifest.xml:20:5-44
MERGED from [com.android.support:support-v4:25.3.1] AndroidManifest.xml:21:5-23:54
MERGED from [com.android.support:support-v4:25.3.1] AndroidManifest.xml:21:5-23:54
MERGED from [com.android.support:support-fragment:25.3.1] AndroidManifest.xml:21:5-23:60
MERGED from [com.android.support:support-fragment:25.3.1] AndroidManifest.xml:21:5-23:60
MERGED from [com.android.support:support-media-compat:25.3.1] AndroidManifest.xml:21:5-23:63
MERGED from [com.android.support:support-media-compat:25.3.1] AndroidManifest.xml:21:5-23:63
MERGED from [com.android.support:support-core-utils:25.3.1] AndroidManifest.xml:21:5-23:61
MERGED from [com.android.support:support-core-utils:25.3.1] AndroidManifest.xml:21:5-23:61
MERGED from [com.android.support:recyclerview-v7:25.3.1] AndroidManifest.xml:20:5-43
MERGED from [com.android.support:recyclerview-v7:25.3.1] AndroidManifest.xml:20:5-43
MERGED from [com.android.support:support-core-ui:25.3.1] AndroidManifest.xml:21:5-23:58
MERGED from [com.android.support:support-core-ui:25.3.1] AndroidManifest.xml:21:5-23:58
MERGED from [com.android.support:support-compat:25.3.1] AndroidManifest.xml:21:5-23:58
MERGED from [com.android.support:support-compat:25.3.1] AndroidManifest.xml:21:5-23:58
MERGED from [com.yqritc:android-scalablevideoview:1.0.4] AndroidManifest.xml:8:5-10:41
MERGED from [com.yqritc:android-scalablevideoview:1.0.4] AndroidManifest.xml:8:5-10:41
MERGED from [me.leolin:ShortcutBadger:1.1.8] AndroidManifest.xml:7:5-9:41
MERGED from [me.leolin:ShortcutBadger:1.1.8] AndroidManifest.xml:7:5-9:41
MERGED from [com.github.ybq:Android-SpinKit:1.1.0] AndroidManifest.xml:6:5-8:41
MERGED from [com.github.ybq:Android-SpinKit:1.1.0] AndroidManifest.xml:6:5-8:41
MERGED from [com.facebook.fresco:imagepipeline-okhttp3:1.3.0] AndroidManifest.xml:5:5-7:41
MERGED from [com.facebook.fresco:imagepipeline-okhttp3:1.3.0] AndroidManifest.xml:5:5-7:41
MERGED from [com.facebook.fbui.textlayoutbuilder:textlayoutbuilder:1.0.0] AndroidManifest.xml:14:5-16:41
MERGED from [com.facebook.fbui.textlayoutbuilder:textlayoutbuilder:1.0.0] AndroidManifest.xml:14:5-16:41
MERGED from [com.facebook.fresco:fresco:1.3.0] AndroidManifest.xml:5:5-7:41
MERGED from [com.facebook.fresco:fresco:1.3.0] AndroidManifest.xml:5:5-7:41
MERGED from [com.facebook.soloader:soloader:0.1.0] AndroidManifest.xml:2:3-70
MERGED from [com.facebook.soloader:soloader:0.1.0] AndroidManifest.xml:2:3-70
MERGED from [com.google.android.gms:play-services-gcm-license:11.8.0] AndroidManifest.xml:4:5-43
MERGED from [com.google.android.gms:play-services-gcm-license:11.8.0] AndroidManifest.xml:4:5-43
MERGED from [com.google.android.gms:play-services-location-license:11.6.0] AndroidManifest.xml:4:5-43
MERGED from [com.google.android.gms:play-services-location-license:11.6.0] AndroidManifest.xml:4:5-43
MERGED from [com.facebook.fresco:drawee:1.3.0] AndroidManifest.xml:5:5-7:41
MERGED from [com.facebook.fresco:drawee:1.3.0] AndroidManifest.xml:5:5-7:41
MERGED from [com.facebook.fresco:imagepipeline:1.3.0] AndroidManifest.xml:5:5-7:41
MERGED from [com.facebook.fresco:imagepipeline:1.3.0] AndroidManifest.xml:5:5-7:41
MERGED from [com.facebook.fresco:imagepipeline-base:1.3.0] AndroidManifest.xml:5:5-7:41
MERGED from [com.facebook.fresco:imagepipeline-base:1.3.0] AndroidManifest.xml:5:5-7:41
MERGED from [com.facebook.fresco:fbcore:1.3.0] AndroidManifest.xml:5:5-7:41
MERGED from [com.facebook.fresco:fbcore:1.3.0] AndroidManifest.xml:5:5-7:41
MERGED from [com.balysv.materialmenu:material-menu:1.5.4] AndroidManifest.xml:8:5-10:41
MERGED from [com.balysv.materialmenu:material-menu:1.5.4] AndroidManifest.xml:8:5-10:41
MERGED from [com.google.android.gms:play-services-iid-license:11.8.0] AndroidManifest.xml:4:5-43
MERGED from [com.google.android.gms:play-services-iid-license:11.8.0] AndroidManifest.xml:4:5-43
MERGED from [com.google.android.gms:play-services-tasks-license:11.8.0] AndroidManifest.xml:4:5-43
MERGED from [com.google.android.gms:play-services-tasks-license:11.8.0] AndroidManifest.xml:4:5-43
MERGED from [com.google.android.gms:play-services-base-license:11.8.0] AndroidManifest.xml:4:5-43
MERGED from [com.google.android.gms:play-services-base-license:11.8.0] AndroidManifest.xml:4:5-43
MERGED from [com.google.android.gms:play-services-basement-license:11.8.0] AndroidManifest.xml:4:5-43
MERGED from [com.google.android.gms:play-services-basement-license:11.8.0] AndroidManifest.xml:4:5-43
INJECTED from src/main/AndroidManifest.xml:22:5-24:41
INJECTED from src/main/AndroidManifest.xml:22:5-24:41
	tools:overrideLibrary
		ADDED from [com.android.support:design:25.3.1] AndroidManifest.xml:23:9-59
	android:targetSdkVersion
		ADDED from src/main/AndroidManifest.xml:24:9-38
		INJECTED from src/main/AndroidManifest.xml
		INJECTED from src/main/AndroidManifest.xml
	android:minSdkVersion
		ADDED from src/main/AndroidManifest.xml:23:9-35
		INJECTED from src/main/AndroidManifest.xml
		INJECTED from src/main/AndroidManifest.xml
application
ADDED from src/main/AndroidManifest.xml:26:5-70:19
REJECTED from [com.google.android.gms:play-services-vision:10.2.0] AndroidManifest.xml:4:5-19
REJECTED from [com.android.support:exifinterface:26.0.1] AndroidManifest.xml:22:5-26:19
REJECTED from [:react-native-spinkit] AndroidManifest.xml:11:5-14:19
REJECTED from [:react-native-background-geolocation] AndroidManifest.xml:11:5-14:19
REJECTED from [:react-native-navigation] AndroidManifest.xml:11:5-18:19
REJECTED from [com.facebook.react:react-native:0.52.2] AndroidManifest.xml:13:5-20
REJECTED from [com.balysv.materialmenu:material-menu-toolbar:1.5.4] AndroidManifest.xml:12:5-20
REJECTED from [com.aurelhubert:ahbottomnavigation:2.0.6] AndroidManifest.xml:11:5-20
REJECTED from [com.android.support:design:25.3.1] AndroidManifest.xml:29:5-20
REJECTED from [com.android.support:appcompat-v7:25.3.1] AndroidManifest.xml:29:5-20
REJECTED from [:tslocationmanager:] AndroidManifest.xml:25:5-50:19
REJECTED from [com.github.react-native-community:cameraview:d5d9b0d925494ef451ce3eef3fdf14cc874d9baa] AndroidManifest.xml:28:5-20
REJECTED from [com.google.android.gms:play-services-gcm:11.8.0] AndroidManifest.xml:26:5-20
REJECTED from [com.google.android.gms:play-services-location:11.6.0] AndroidManifest.xml:4:5-19
REJECTED from [com.google.android.gms:play-services-maps:10.2.4] AndroidManifest.xml:24:5-19
REJECTED from [com.google.android.gms:play-services-iid:11.8.0] AndroidManifest.xml:26:5-20
REJECTED from [com.google.android.gms:play-services-base:11.8.0] AndroidManifest.xml:22:5-27:19
REJECTED from [com.google.android.gms:play-services-tasks:11.8.0] AndroidManifest.xml:7:5-20
REJECTED from [com.google.android.gms:play-services-basement:11.8.0] AndroidManifest.xml:22:5-26:19
REJECTED from [com.android.support:animated-vector-drawable:25.3.1] AndroidManifest.xml:26:5-20
REJECTED from [com.android.support:support-vector-drawable:25.3.1] AndroidManifest.xml:26:5-20
REJECTED from [com.android.support:transition:25.3.1] AndroidManifest.xml:26:5-20
REJECTED from [com.android.support:support-v4:25.3.1] AndroidManifest.xml:29:5-20
REJECTED from [com.android.support:support-fragment:25.3.1] AndroidManifest.xml:29:5-20
REJECTED from [com.android.support:support-media-compat:25.3.1] AndroidManifest.xml:29:5-20
REJECTED from [com.android.support:support-core-utils:25.3.1] AndroidManifest.xml:29:5-20
REJECTED from [com.android.support:support-core-ui:25.3.1] AndroidManifest.xml:29:5-20
REJECTED from [com.android.support:support-compat:25.3.1] AndroidManifest.xml:29:5-20
REJECTED from [com.facebook.soloader:soloader:0.1.0] AndroidManifest.xml:3:3-17
REJECTED from [org.webkit:android-jsc:r174650] AndroidManifest.xml:2:3-17
REJECTED from [com.google.android.gms:play-services-gcm-license:11.8.0] AndroidManifest.xml:5:5-20
REJECTED from [com.google.android.gms:play-services-location-license:11.6.0] AndroidManifest.xml:5:5-20
REJECTED from [com.balysv.materialmenu:material-menu:1.5.4] AndroidManifest.xml:12:5-20
REJECTED from [com.google.android.gms:play-services-iid-license:11.8.0] AndroidManifest.xml:5:5-20
REJECTED from [com.google.android.gms:play-services-tasks-license:11.8.0] AndroidManifest.xml:5:5-20
REJECTED from [com.google.android.gms:play-services-base-license:11.8.0] AndroidManifest.xml:5:5-20
REJECTED from [com.google.android.gms:play-services-basement-license:11.8.0] AndroidManifest.xml:5:5-20
	tools:node
		ADDED from src/main/AndroidManifest.xml:32:7-27
	android:label
		ADDED from src/main/AndroidManifest.xml:29:7-39
	android:icon
		ADDED from src/main/AndroidManifest.xml:30:7-41
	android:allowBackup
		ADDED from src/main/AndroidManifest.xml:28:7-33
	android:theme
		ADDED from src/main/AndroidManifest.xml:31:7-38
	android:name
		ADDED from src/main/AndroidManifest.xml:27:7-38
meta-data#com.google.android.geo.API_KEY
ADDED from src/main/AndroidManifest.xml:33:11-35:64
	android:value
		ADDED from src/main/AndroidManifest.xml:35:7-62
	android:name
		ADDED from src/main/AndroidManifest.xml:34:7-52
activity#com.foxwatch.MainActivity
ADDED from src/main/AndroidManifest.xml:36:7-45:18
	android:label
		ADDED from src/main/AndroidManifest.xml:38:9-41
	android:windowSoftInputMode
		ADDED from src/main/AndroidManifest.xml:40:9-51
	android:configChanges
		ADDED from src/main/AndroidManifest.xml:39:9-79
	android:name
		ADDED from src/main/AndroidManifest.xml:37:9-37
intent-filter#android.intent.action.MAIN+android.intent.category.LAUNCHER
ADDED from src/main/AndroidManifest.xml:41:9-44:25
action#android.intent.action.MAIN
ADDED from src/main/AndroidManifest.xml:42:13-65
	android:name
		ADDED from src/main/AndroidManifest.xml:42:21-62
category#android.intent.category.LAUNCHER
ADDED from src/main/AndroidManifest.xml:43:13-73
	android:name
		ADDED from src/main/AndroidManifest.xml:43:23-70
activity#com.facebook.react.devsupport.DevSettingsActivity
ADDED from src/main/AndroidManifest.xml:46:7-84
	android:name
		ADDED from src/main/AndroidManifest.xml:46:17-81
receiver#com.google.android.gms.gcm.GcmReceiver
ADDED from src/main/AndroidManifest.xml:47:15-55:20
	android:exported
		ADDED from src/main/AndroidManifest.xml:49:13-36
	android:permission
		ADDED from src/main/AndroidManifest.xml:50:13-73
	android:name
		ADDED from src/main/AndroidManifest.xml:48:13-66
intent-filter#com.foxwatch+com.google.android.c2dm.intent.RECEIVE
ADDED from src/main/AndroidManifest.xml:51:13-54:29
action#com.google.android.c2dm.intent.RECEIVE
ADDED from src/main/AndroidManifest.xml:52:17-81
	android:name
		ADDED from src/main/AndroidManifest.xml:52:25-78
receiver#com.dieam.reactnativepushnotification.modules.RNPushNotificationPublisher
ADDED from src/main/AndroidManifest.xml:56:5-106
	android:name
		ADDED from src/main/AndroidManifest.xml:56:15-103
receiver#com.dieam.reactnativepushnotification.modules.RNPushNotificationBootEventReceiver
ADDED from src/main/AndroidManifest.xml:57:9-61:20
	android:name
		ADDED from src/main/AndroidManifest.xml:57:19-115
intent-filter#android.intent.action.BOOT_COMPLETED
ADDED from src/main/AndroidManifest.xml:58:13-60:29
action#android.intent.action.BOOT_COMPLETED
ADDED from src/main/AndroidManifest.xml:59:17-79
	android:name
		ADDED from src/main/AndroidManifest.xml:59:25-76
service#com.dieam.reactnativepushnotification.modules.RNPushNotificationRegistrationService
ADDED from src/main/AndroidManifest.xml:62:9-118
	android:name
		ADDED from src/main/AndroidManifest.xml:62:18-116
service#com.dieam.reactnativepushnotification.modules.RNPushNotificationListenerService
ADDED from src/main/AndroidManifest.xml:63:9-69:19
	android:exported
		ADDED from src/main/AndroidManifest.xml:65:13-37
	android:name
		ADDED from src/main/AndroidManifest.xml:64:13-107
intent-filter#com.google.android.c2dm.intent.RECEIVE
ADDED from src/main/AndroidManifest.xml:66:13-68:29
uses-feature#android.hardware.camera
ADDED from [:react-native-camera] AndroidManifest.xml:13:5-15:36
MERGED from [com.github.react-native-community:cameraview:d5d9b0d925494ef451ce3eef3fdf14cc874d9baa] AndroidManifest.xml:23:5-60
MERGED from [com.github.react-native-community:cameraview:d5d9b0d925494ef451ce3eef3fdf14cc874d9baa] AndroidManifest.xml:23:5-60
	android:required
		ADDED from [:react-native-camera] AndroidManifest.xml:15:9-33
		MERGED from src/main/AndroidManifest.xml:13:5-15:36
	android:name
		ADDED from [:react-native-camera] AndroidManifest.xml:14:9-47
uses-feature#android.hardware.camera.autofocus
ADDED from [:react-native-camera] AndroidManifest.xml:16:5-18:36
MERGED from [com.github.react-native-community:cameraview:d5d9b0d925494ef451ce3eef3fdf14cc874d9baa] AndroidManifest.xml:24:5-26:36
MERGED from [com.github.react-native-community:cameraview:d5d9b0d925494ef451ce3eef3fdf14cc874d9baa] AndroidManifest.xml:24:5-26:36
	android:required
		ADDED from [:react-native-camera] AndroidManifest.xml:18:9-33
	android:name
		ADDED from [:react-native-camera] AndroidManifest.xml:17:9-57
uses-permission#android.permission.ACCESS_COARSE_LOCATION
ADDED from [:react-native-maps] AndroidManifest.xml:10:5-81
MERGED from [:tslocationmanager:] AndroidManifest.xml:12:5-81
MERGED from [:tslocationmanager:] AndroidManifest.xml:12:5-81
	android:name
		ADDED from [:react-native-maps] AndroidManifest.xml:10:22-78
meta-data#android.support.VERSION
ADDED from [com.android.support:design:25.3.1] AndroidManifest.xml:25:5-27:34
MERGED from [com.android.support:appcompat-v7:25.3.1] AndroidManifest.xml:25:5-27:34
MERGED from [com.android.support:appcompat-v7:25.3.1] AndroidManifest.xml:25:5-27:34
MERGED from [com.android.support:animated-vector-drawable:25.3.1] AndroidManifest.xml:22:5-24:34
MERGED from [com.android.support:animated-vector-drawable:25.3.1] AndroidManifest.xml:22:5-24:34
MERGED from [com.android.support:support-vector-drawable:25.3.1] AndroidManifest.xml:22:5-24:34
MERGED from [com.android.support:support-vector-drawable:25.3.1] AndroidManifest.xml:22:5-24:34
MERGED from [com.android.support:transition:25.3.1] AndroidManifest.xml:22:5-24:34
MERGED from [com.android.support:transition:25.3.1] AndroidManifest.xml:22:5-24:34
MERGED from [com.android.support:support-v4:25.3.1] AndroidManifest.xml:25:5-27:34
MERGED from [com.android.support:support-v4:25.3.1] AndroidManifest.xml:25:5-27:34
MERGED from [com.android.support:support-fragment:25.3.1] AndroidManifest.xml:25:5-27:34
MERGED from [com.android.support:support-fragment:25.3.1] AndroidManifest.xml:25:5-27:34
MERGED from [com.android.support:support-media-compat:25.3.1] AndroidManifest.xml:25:5-27:34
MERGED from [com.android.support:support-media-compat:25.3.1] AndroidManifest.xml:25:5-27:34
MERGED from [com.android.support:support-core-utils:25.3.1] AndroidManifest.xml:25:5-27:34
MERGED from [com.android.support:support-core-utils:25.3.1] AndroidManifest.xml:25:5-27:34
MERGED from [com.android.support:recyclerview-v7:25.3.1] AndroidManifest.xml:22:5-24:34
MERGED from [com.android.support:recyclerview-v7:25.3.1] AndroidManifest.xml:22:5-24:34
MERGED from [com.android.support:support-core-ui:25.3.1] AndroidManifest.xml:25:5-27:34
MERGED from [com.android.support:support-core-ui:25.3.1] AndroidManifest.xml:25:5-27:34
MERGED from [com.android.support:support-compat:25.3.1] AndroidManifest.xml:25:5-27:34
MERGED from [com.android.support:support-compat:25.3.1] AndroidManifest.xml:25:5-27:34
	android:value
		ADDED from [com.android.support:design:25.3.1] AndroidManifest.xml:27:9-31
	android:name
		ADDED from [com.android.support:design:25.3.1] AndroidManifest.xml:26:9-47
uses-permission#android.permission.ACCESS_NETWORK_STATE
ADDED from [:tslocationmanager:] AndroidManifest.xml:11:5-79